<?xml version="1.0" encoding="UTF-8"?>
<!-- Generated by org.testng.reporters.JUnitReportReporter -->
<testsuite hostname="SOURISH-PC" failures="0" tests="1" name="files.DynamicJson" time="5.682" errors="0" timestamp="2025-08-05T16:12:22 IST" skipped="0">
  <testcase classname="files.DynamicJson" name="addBook" time="5.682"/>
</testsuite> <!-- files.DynamicJson -->
