<?xml version="1.0" encoding="UTF-8"?>
<!-- Generated by org.testng.reporters.JUnitReportReporter -->
<testsuite hostname="SOURISH-PC" failures="0" tests="1" name="files.SumValidation" time="3.546" errors="0" timestamp="2025-08-05T14:59:08 IST" skipped="0">
  <testcase classname="files.SumValidation" name="sumOfCourses" time="3.546"/>
</testsuite> <!-- files.SumValidation -->
