<?xml version="1.0" encoding="UTF-8"?>
<!-- Generated by org.testng.reporters.JUnitReportReporter -->
<testsuite hostname="SOURISH-PC" failures="0" tests="3" name="files.DynamicJson" time="6.187" errors="0" timestamp="2025-08-06T14:37:08 IST" skipped="0">
  <testcase classname="files.DynamicJson" name="addBook" time="5.777"/>
  <testcase classname="files.DynamicJson" name="addBook" time="0.179"/>
  <testcase classname="files.DynamicJson" name="addBook" time="0.231"/>
</testsuite> <!-- files.DynamicJson -->
